[debug] [2022-08-02T18:30:36.126Z] ----------------------------------------------------------------------
[debug] [2022-08-02T18:30:36.128Z] Command:       C:\Program Files\nodejs\node.exe C:\Users\rohit\AppData\Roaming\npm\node_modules\firebase-tools\lib\bin\firebase.js init
[debug] [2022-08-02T18:30:36.129Z] CLI Version:   10.7.0
[debug] [2022-08-02T18:30:36.129Z] Platform:      win32
[debug] [2022-08-02T18:30:36.129Z] Node Version:  v16.14.0
[debug] [2022-08-02T18:30:36.130Z] Time:          Wed Aug 03 2022 00:00:36 GMT+0530 (India Standard Time)
[debug] [2022-08-02T18:30:36.131Z] ----------------------------------------------------------------------
[debug] 
[debug] [2022-08-02T18:30:36.135Z] >>> [apiv2][query] GET https://firebase-public.firebaseio.com/cli.json [none]
[debug] [2022-08-02T18:30:36.171Z] > command requires scopes: ["email","openid","https://www.googleapis.com/auth/cloudplatformprojects.readonly","https://www.googleapis.com/auth/firebase","https://www.googleapis.com/auth/cloud-platform"]
[debug] [2022-08-02T18:30:36.171Z] > authorizing via signed-in user (rohitostwal27@gmail.com)
[info] 
     ######## #### ########  ######## ########     ###     ######  ########
     ##        ##  ##     ## ##       ##     ##  ##   ##  ##       ##
     ######    ##  ########  ######   ########  #########  ######  ######
     ##        ##  ##    ##  ##       ##     ## ##     ##       ## ##
     ##       #### ##     ## ######## ########  ##     ##  ######  ########

You're about to initialize a Firebase project in this directory:

  D:\threejs-demo

[debug] [2022-08-02T18:30:37.150Z] <<< [apiv2][status] GET https://firebase-public.firebaseio.com/cli.json 200
[debug] [2022-08-02T18:30:37.151Z] <<< [apiv2][body] GET https://firebase-public.firebaseio.com/cli.json {"cloudBuildErrorAfter":1594252800000,"cloudBuildWarnAfter":1590019200000,"defaultNode10After":1594252800000,"minVersion":"3.0.5","node8DeploysDisabledAfter":1613390400000,"node8RuntimeDisabledAfter":1615809600000,"node8WarnAfter":1600128000000}
